<?xml version="1.0" encoding="UTF-8"?>
<!-- Generated by org.testng.reporters.JUnitXMLReporter -->
<testsuite hostname="Lenovo" ignored="0" name="Test3" tests="10" failures="0" timestamp="19 Aug 2021 15:54:22 GMT" time="394.343" errors="0">
  <testcase name="Browser" time="28.601" classname="org.mav.TestngMethods"/>
  <testcase name="Browser1" time="37.803" classname="org.mav.TestngMethods"/>
  <testcase name="Browser2" time="19.591" classname="org.mav.TestngMethods"/>
  <testcase name="Browser3" time="30.487" classname="org.mav.TestngMethods"/>
  <testcase name="Browser4" time="22.21" classname="org.mav.TestngMethods"/>
  <testcase name="Browser" time="56.412" classname="org.mav.TestngMethods1"/>
  <testcase name="Browser1" time="39.665" classname="org.mav.TestngMethods1"/>
  <testcase name="Browser2" time="74.311" classname="org.mav.TestngMethods1"/>
  <testcase name="Browser3" time="52.432" classname="org.mav.TestngMethods1"/>
  <testcase name="Browser4" time="32.769" classname="org.mav.TestngMethods1"/>
</testsuite> <!-- Test3 -->
