<?xml version="1.0" encoding="UTF-8"?>
<!-- Generated by org.testng.reporters.JUnitXMLReporter -->
<testsuite hostname="Lenovo" ignored="0" name="Test2" tests="10" failures="0" timestamp="19 Aug 2021 15:54:06 GMT" time="378.08" errors="0">
  <testcase name="Browser" time="29.017" classname="org.mav.TestngMethods"/>
  <testcase name="Browser1" time="23.55" classname="org.mav.TestngMethods"/>
  <testcase name="Browser2" time="20.441" classname="org.mav.TestngMethods"/>
  <testcase name="Browser3" time="19.531" classname="org.mav.TestngMethods"/>
  <testcase name="Browser4" time="30.629" classname="org.mav.TestngMethods"/>
  <testcase name="Browser" time="45.223" classname="org.mav.TestngMethods1"/>
  <testcase name="Browser1" time="45.235" classname="org.mav.TestngMethods1"/>
  <testcase name="Browser2" time="63.018" classname="org.mav.TestngMethods1"/>
  <testcase name="Browser3" time="57.021" classname="org.mav.TestngMethods1"/>
  <testcase name="Browser4" time="44.33" classname="org.mav.TestngMethods1"/>
</testsuite> <!-- Test2 -->
