<?xml version="1.0" encoding="UTF-8"?>
<!-- Generated by org.testng.reporters.JUnitXMLReporter -->
<testsuite hostname="Lenovo" ignored="3" name="Test(failed)" tests="1" failures="1" timestamp="24 Aug 2021 16:48:33 GMT" time="0.165" errors="0">
  <testcase name="tc1" time="0.046" classname="org.mav.TestngRerun">
    <failure type="java.lang.AssertionError" message="expected [true] but found [false]">
      <![CDATA[java.lang.AssertionError: expected [true] but found [false]
at org.mav.TestngRerun.tc1(TestngRerun.java:11)
... Removed 29 stack frames]]>
    </failure>
  </testcase> <!-- tc1 -->
  <testcase name="tc4" time="0.0" classname="org.mav.TestngRerun">
    <ignored/>
  </testcase> <!-- tc4 -->
  <testcase name="tc3" time="0.0" classname="org.mav.TestngRerun">
    <ignored/>
  </testcase> <!-- tc3 -->
  <testcase name="tc2" time="0.0" classname="org.mav.TestngRerun">
    <ignored/>
  </testcase> <!-- tc2 -->
</testsuite> <!-- Test(failed) -->
